<?xml version="1.0" encoding="UTF-8"?>
<robot generator="Robot 3.2.2 (Python 3.8.0 on win32)" generated="20210217 20:53:37.525" rpa="false">
<suite id="s1" name="StepsConsultHero" source="C:\dev\codigos\Estudos e testes\Robot Framework\resources\StepsConsultHero.robot">
<test id="s1-t1" name="Consultar a ficha de um super-herói (/id)">
<kw name="Create Session" library="RequestsLibrary">
<doc>Create Session: create a HTTP session to a server</doc>
<arguments>
<arg>consultaHeroi</arg>
<arg>${URL}</arg>
<arg>disable_warnings=True</arg>
</arguments>
<msg timestamp="20210217 20:53:37.724" level="INFO">Creating Session using : alias=consultaHeroi, url=https://superheroapi.com/api/3630587223674860, headers={},                     cookies={}, auth=None, timeout=None, proxies=None, verify=False,                     debug=0 </msg>
<status status="PASS" starttime="20210217 20:53:37.723" endtime="20210217 20:53:37.724"></status>
</kw>
<kw name="Get On Session" library="RequestsLibrary">
<doc>Sends a GET request on a previously created HTTP Session.</doc>
<arguments>
<arg>consultaHeroi</arg>
<arg>/${SEARCHED_HERO.green_arrow}</arg>
</arguments>
<assign>
<var>${RESPONSE}</var>
</assign>
<msg timestamp="20210217 20:53:39.290" level="INFO">GET Request : url=https://superheroapi.com/api/3630587223674860/298 (redirected) 
 path_url=/api/3630587223674860/298 
 headers={'User-Agent': 'python-requests/2.22.0', 'Accept-Encoding': 'gzip, deflate', 'Accept': '*/*', 'Connection': 'keep-alive'} 
 body=None 
 </msg>
<msg timestamp="20210217 20:53:39.290" level="INFO">GET Response : url=https://www.superheroapi.com/api.php/3630587223674860/298 
 status=200, reason=OK 
 headers={'Date': 'Wed, 17 Feb 2021 23:53:44 GMT', 'Content-Type': 'application/json', 'Transfer-Encoding': 'chunked', 'Connection': 'keep-alive', 'Set-Cookie': '__cfduid=d7d45a24ee8959fadb3315458cd0101d11613606023; expires=Fri, 19-Mar-21 23:53:43 GMT; path=/; domain=.superheroapi.com; HttpOnly; SameSite=Lax', 'X-Powered-By': 'PHP/7.2.34', 'Access-Control-Allow-Origin': '*', 'Access-Control-Allow-Credentials': 'false', 'Access-Control-Allow-Methods': 'GET', 'Access-Control-Allow-Headers': 'Origin, X-Requested-With, Content-Type, Accept', 'Access-Control-Max-Age': '86400', 'X-Turbo-Charged-By': 'LiteSpeed', 'CF-Cache-Status': 'DYNAMIC', 'cf-request-id': '0854030a590000cfdc79247000000001', 'Expect-CT': 'max-age=604800, report-uri="https://report-uri.cloudflare.com/cdn-cgi/beacon/expect-ct"', 'Report-To': '{"max_age":604800,"endpoints":[{"url":"https:\\/\\/a.nel.cloudflare.com\\/report?s=8jqGysxL9n8ACu6WwVr26SCGIfhKb1TcZIJ24wcWdusQb2Zc42U2Bw6L0dflqcd6D9FT1c2WuANkv0p%2FtV9CgDO%2FVRu3tOBP9DTUYptEMS%2FZ16KmRjXw%2BaTx9dBT1cO3CQ%3D%3D"}],"group":"cf-nel"}', 'NEL': '{"report_to":"cf-nel","max_age":604800}', 'Server': 'cloudflare', 'CF-RAY': '62336df0880ecfdc-GRU', 'Content-Encoding': 'gzip'} 
 body={"response":"success","id":"298","name":"Green Arrow","powerstats":{"intelligence":"81","strength":"12","speed":"35","durability":"28","power":"39","combat":"90"},"biography":{"full-name":"Oliver Queen","alter-egos":"No alter egos found.","aliases":["The Emerald Archer","Battling Bowman"],"place-of-birth":"-","first-appearance":"More Fun Comics #73 (November 1941)","publisher":"DC Comics","alignment":"good"},"appearance":{"gender":"Male","race":"Human","height":["6'2","188 cm"],"weight":["195 lb","88 kg"],"eye-color":"Green","hair-color":"Blond"},"work":{"occupation":"Professional Crime-fighter; Multi-Billionaire","base":"Star City, California; Formerly Seattle, Washington"},"connections":{"group-affiliation":"Justice League Reserve, Connor Hawke, Mia Dearden,  Arsenal, Green Arrows of the World, Black Canary, Green Lantern Hal Jordan, Shado, Eddie Fyers, Justice League Elite, Seven Soldiers of Victory, All-Star Squadron","relatives":"Conner Hawke (son); Robert (son); Cissie King (possible daughter); Roy Harper - Red Arrow (adoptive son); Dinah Laurel Lance (wife); Dinah Drake Lance (mother-in-law, deceased); Larry Lance (father-in-law, deceased)"},"image":{"url":"https:\/\/www.superherodb.com\/pictures2\/portraits\/10\/100\/696.jpg"}} 
 </msg>
<msg timestamp="20210217 20:53:39.291" level="INFO">${RESPONSE} = &lt;Response [200]&gt;</msg>
<status status="PASS" starttime="20210217 20:53:37.724" endtime="20210217 20:53:39.291"></status>
</kw>
<kw name="Create Dictionary" library="BuiltIn">
<doc>Creates and returns a dictionary based on the given ``items``.</doc>
<arguments>
<arg>name=${NAMES.green_arrow}</arg>
<arg>intelligence=${INTELLIGENCE}</arg>
<arg>full_name=${REAL_NAME}</arg>
<arg>group_affiliation=${AFFILIATE}</arg>
</arguments>
<assign>
<var>${HERO_DATA}</var>
</assign>
<msg timestamp="20210217 20:53:39.296" level="INFO">${HERO_DATA} = {'name': 'Green Arrow', 'intelligence': '81', 'full_name': 'Oliver Queen', 'group_affiliation': 'Justice League Elite'}</msg>
<status status="PASS" starttime="20210217 20:53:39.293" endtime="20210217 20:53:39.297"></status>
</kw>
<kw name="Dictionary Should Contain Item" library="Collections">
<doc>An item of ``key`` / ``value`` must be found in a ``dictionary``.</doc>
<arguments>
<arg>${RESPONSE.json()}</arg>
<arg>name</arg>
<arg>${HERO_DATA.name}</arg>
</arguments>
<status status="PASS" starttime="20210217 20:53:39.298" endtime="20210217 20:53:39.301"></status>
</kw>
<kw name="Dictionary Should Contain Item" library="Collections">
<doc>An item of ``key`` / ``value`` must be found in a ``dictionary``.</doc>
<arguments>
<arg>${RESPONSE.json()['powerstats']}</arg>
<arg>intelligence</arg>
<arg>${HERO_DATA.intelligence}</arg>
</arguments>
<status status="PASS" starttime="20210217 20:53:39.304" endtime="20210217 20:53:39.306"></status>
</kw>
<kw name="Dictionary Should Contain Item" library="Collections">
<doc>An item of ``key`` / ``value`` must be found in a ``dictionary``.</doc>
<arguments>
<arg>${RESPONSE.json()['biography']}</arg>
<arg>full-name</arg>
<arg>${HERO_DATA.full_name}</arg>
</arguments>
<status status="PASS" starttime="20210217 20:53:39.307" endtime="20210217 20:53:39.308"></status>
</kw>
<kw name="Dictionary Should Contain Key" library="Collections">
<doc>Fails if ``key`` is not found from ``dictionary``.</doc>
<arguments>
<arg>${RESPONSE.json()['connections']}</arg>
<arg>group-affiliation</arg>
<arg>${HERO_DATA.group_affiliation}</arg>
</arguments>
<status status="PASS" starttime="20210217 20:53:39.309" endtime="20210217 20:53:39.310"></status>
</kw>
<status status="PASS" starttime="20210217 20:53:37.722" endtime="20210217 20:53:39.311" critical="yes"></status>
</test>
<test id="s1-t2" name="Consultar qual o super-herói mais inteligente, rápido e forte (/id/powerstats)">
<kw name="Create Session" library="RequestsLibrary">
<doc>Create Session: create a HTTP session to a server</doc>
<arguments>
<arg>consultaHeroi</arg>
<arg>${URL}</arg>
<arg>disable_warnings=True</arg>
</arguments>
<msg timestamp="20210217 20:53:39.327" level="INFO">Creating Session using : alias=consultaHeroi, url=https://superheroapi.com/api/3630587223674860, headers={},                     cookies={}, auth=None, timeout=None, proxies=None, verify=False,                     debug=0 </msg>
<status status="PASS" starttime="20210217 20:53:39.326" endtime="20210217 20:53:39.328"></status>
</kw>
<kw name="Get On Session" library="RequestsLibrary">
<doc>Sends a GET request on a previously created HTTP Session.</doc>
<arguments>
<arg>consultaHeroi</arg>
<arg>/${SEARCHED_HERO.flash}/powerstats</arg>
</arguments>
<assign>
<var>${FLASH_RESPONSE}</var>
</assign>
<msg timestamp="20210217 20:53:40.279" level="INFO">GET Request : url=https://superheroapi.com/api/3630587223674860/100/powerstats (redirected) 
 path_url=/api/3630587223674860/100/powerstats 
 headers={'User-Agent': 'python-requests/2.22.0', 'Accept-Encoding': 'gzip, deflate', 'Accept': '*/*', 'Connection': 'keep-alive'} 
 body=None 
 </msg>
<msg timestamp="20210217 20:53:40.279" level="INFO">GET Response : url=https://www.superheroapi.com/api.php/3630587223674860/100/powerstats 
 status=200, reason=OK 
 headers={'Date': 'Wed, 17 Feb 2021 23:53:45 GMT', 'Content-Type': 'application/json', 'Transfer-Encoding': 'chunked', 'Connection': 'keep-alive', 'Set-Cookie': '__cfduid=dd8e6f5b47ccf2f3c09fc9b5944731a621613606024; expires=Fri, 19-Mar-21 23:53:44 GMT; path=/; domain=.superheroapi.com; HttpOnly; SameSite=Lax', 'X-Powered-By': 'PHP/7.2.34', 'Access-Control-Allow-Origin': '*', 'Access-Control-Allow-Credentials': 'false', 'Access-Control-Allow-Methods': 'GET', 'Access-Control-Allow-Headers': 'Origin, X-Requested-With, Content-Type, Accept', 'Access-Control-Max-Age': '86400', 'X-Turbo-Charged-By': 'LiteSpeed', 'CF-Cache-Status': 'DYNAMIC', 'cf-request-id': '0854030e640000cfe04ea65000000001', 'Expect-CT': 'max-age=604800, report-uri="https://report-uri.cloudflare.com/cdn-cgi/beacon/expect-ct"', 'Report-To': '{"endpoints":[{"url":"https:\\/\\/a.nel.cloudflare.com\\/report?s=rS88PrUlRRUboRTl6JS29qdTB8wNa0%2FRnBPlQH%2FMizhffkrd%2BdC8Euk8bkWGb5w2L1D3fwFiT7L9ROyoOos9%2FYjoeHE4OqPAZlOE1yilKaWtdfpP8eUDu2d9BVCAz3MbLg%3D%3D"}],"max_age":604800,"group":"cf-nel"}', 'NEL': '{"report_to":"cf-nel","max_age":604800}', 'Server': 'cloudflare', 'CF-RAY': '62336df70cc2cfe0-GRU', 'Content-Encoding': 'gzip'} 
 body={"response":"success","id":"100","name":"Black Flash","intelligence":"44","strength":"10","speed":"100","durability":"80","power":"100","combat":"30"} 
 </msg>
<msg timestamp="20210217 20:53:40.280" level="INFO">${FLASH_RESPONSE} = &lt;Response [200]&gt;</msg>
<status status="PASS" starttime="20210217 20:53:39.337" endtime="20210217 20:53:40.280"></status>
</kw>
<kw name="Get On Session" library="RequestsLibrary">
<doc>Sends a GET request on a previously created HTTP Session.</doc>
<arguments>
<arg>consultaHeroi</arg>
<arg>/${SEARCHED_HERO.ant_man}/powerstats</arg>
</arguments>
<assign>
<var>${ANTMAN_RESPONSE}</var>
</assign>
<msg timestamp="20210217 20:53:40.737" level="INFO">GET Request : url=https://superheroapi.com/api/3630587223674860/30/powerstats (redirected) 
 path_url=/api/3630587223674860/30/powerstats 
 headers={'User-Agent': 'python-requests/2.22.0', 'Accept-Encoding': 'gzip, deflate', 'Accept': '*/*', 'Connection': 'keep-alive', 'Cookie': '__cfduid=dd8e6f5b47ccf2f3c09fc9b5944731a621613606024'} 
 body=None 
 </msg>
<msg timestamp="20210217 20:53:40.738" level="INFO">GET Response : url=https://www.superheroapi.com/api.php/3630587223674860/30/powerstats 
 status=200, reason=OK 
 headers={'Date': 'Wed, 17 Feb 2021 23:53:45 GMT', 'Content-Type': 'application/json', 'Transfer-Encoding': 'chunked', 'Connection': 'keep-alive', 'X-Powered-By': 'PHP/7.2.34', 'Access-Control-Allow-Origin': '*', 'Access-Control-Allow-Credentials': 'false', 'Access-Control-Allow-Methods': 'GET', 'Access-Control-Allow-Headers': 'Origin, X-Requested-With, Content-Type, Accept', 'Access-Control-Max-Age': '86400', 'X-Turbo-Charged-By': 'LiteSpeed', 'CF-Cache-Status': 'DYNAMIC', 'cf-request-id': '085403103c0000cfe07dae1000000001', 'Expect-CT': 'max-age=604800, report-uri="https://report-uri.cloudflare.com/cdn-cgi/beacon/expect-ct"', 'Report-To': '{"endpoints":[{"url":"https:\\/\\/a.nel.cloudflare.com\\/report?s=oSsKiCGbkJ2Q8nFtCd2ySqC1XU3y3zWLO%2BkzB1iZXjAmEdqE6B141GJ1o0kudj9Q4ZFDBIDiM0Gi5D762C2fKQPpmXT9ji8FfKNu43qSkJ2aRHYgBDY%2B0Tozzm%2F6ppvcsg%3D%3D"}],"max_age":604800,"group":"cf-nel"}', 'NEL': '{"report_to":"cf-nel","max_age":604800}', 'Server': 'cloudflare', 'CF-RAY': '62336df9f98bcfe0-GRU', 'Content-Encoding': 'gzip'} 
 body={"response":"success","id":"30","name":"Ant-Man","intelligence":"100","strength":"18","speed":"23","durability":"28","power":"32","combat":"32"} 
 </msg>
<msg timestamp="20210217 20:53:40.739" level="INFO">${ANTMAN_RESPONSE} = &lt;Response [200]&gt;</msg>
<status status="PASS" starttime="20210217 20:53:40.281" endtime="20210217 20:53:40.739"></status>
</kw>
<kw name="Return The Biggest">
<arguments>
<arg>${FLASH_RESPONSE.json()['intelligence']}</arg>
<arg>${ANTMAN_RESPONSE.json()['intelligence']}</arg>
</arguments>
<kw name="Run Keyword If" library="BuiltIn">
<doc>Runs the given keyword with the given arguments, if ``condition`` is true.</doc>
<arguments>
<arg>${value_1} &gt; ${value_2}</arg>
<arg>Flash</arg>
<arg>ELSE</arg>
<arg>Ant Man</arg>
</arguments>
<kw name="Ant Man">
<kw name="Set Test Variable" library="BuiltIn">
<doc>Makes a variable available everywhere within the scope of the current test.</doc>
<arguments>
<arg>${NAMES.ant_man}</arg>
</arguments>
<msg timestamp="20210217 20:53:40.749" level="INFO">${NAMES.ant_man} = Ant-Man</msg>
<status status="PASS" starttime="20210217 20:53:40.747" endtime="20210217 20:53:40.750"></status>
</kw>
<status status="PASS" starttime="20210217 20:53:40.745" endtime="20210217 20:53:40.750"></status>
</kw>
<status status="PASS" starttime="20210217 20:53:40.744" endtime="20210217 20:53:40.750"></status>
</kw>
<status status="PASS" starttime="20210217 20:53:40.741" endtime="20210217 20:53:40.751"></status>
</kw>
<kw name="Return The Biggest">
<arguments>
<arg>${FLASH_RESPONSE.json()['speed']}</arg>
<arg>${ANTMAN_RESPONSE.json()['speed']}</arg>
</arguments>
<kw name="Run Keyword If" library="BuiltIn">
<doc>Runs the given keyword with the given arguments, if ``condition`` is true.</doc>
<arguments>
<arg>${value_1} &gt; ${value_2}</arg>
<arg>Flash</arg>
<arg>ELSE</arg>
<arg>Ant Man</arg>
</arguments>
<kw name="Flash">
<kw name="Set Test Variable" library="BuiltIn">
<doc>Makes a variable available everywhere within the scope of the current test.</doc>
<arguments>
<arg>${NAMES.flash}</arg>
</arguments>
<msg timestamp="20210217 20:53:40.765" level="INFO">${NAMES.flash} = Flash</msg>
<status status="PASS" starttime="20210217 20:53:40.763" endtime="20210217 20:53:40.765"></status>
</kw>
<status status="PASS" starttime="20210217 20:53:40.761" endtime="20210217 20:53:40.766"></status>
</kw>
<status status="PASS" starttime="20210217 20:53:40.760" endtime="20210217 20:53:40.766"></status>
</kw>
<status status="PASS" starttime="20210217 20:53:40.754" endtime="20210217 20:53:40.766"></status>
</kw>
<kw name="Return The Biggest">
<arguments>
<arg>${FLASH_RESPONSE.json()['strength']}</arg>
<arg>${ANTMAN_RESPONSE.json()['strength']}</arg>
</arguments>
<kw name="Run Keyword If" library="BuiltIn">
<doc>Runs the given keyword with the given arguments, if ``condition`` is true.</doc>
<arguments>
<arg>${value_1} &gt; ${value_2}</arg>
<arg>Flash</arg>
<arg>ELSE</arg>
<arg>Ant Man</arg>
</arguments>
<kw name="Ant Man">
<kw name="Set Test Variable" library="BuiltIn">
<doc>Makes a variable available everywhere within the scope of the current test.</doc>
<arguments>
<arg>${NAMES.ant_man}</arg>
</arguments>
<msg timestamp="20210217 20:53:40.773" level="INFO">${NAMES.ant_man} = Ant-Man</msg>
<status status="PASS" starttime="20210217 20:53:40.773" endtime="20210217 20:53:40.773"></status>
</kw>
<status status="PASS" starttime="20210217 20:53:40.772" endtime="20210217 20:53:40.773"></status>
</kw>
<status status="PASS" starttime="20210217 20:53:40.772" endtime="20210217 20:53:40.773"></status>
</kw>
<status status="PASS" starttime="20210217 20:53:40.767" endtime="20210217 20:53:40.774"></status>
</kw>
<status status="PASS" starttime="20210217 20:53:39.324" endtime="20210217 20:53:40.774" critical="yes"></status>
</test>
<status status="PASS" starttime="20210217 20:53:37.530" endtime="20210217 20:53:40.777"></status>
</suite>
<statistics>
<total>
<stat pass="2" fail="0">Critical Tests</stat>
<stat pass="2" fail="0">All Tests</stat>
</total>
<tag>
</tag>
<suite>
<stat pass="2" fail="0" id="s1" name="StepsConsultHero">StepsConsultHero</stat>
</suite>
</statistics>
<errors>
</errors>
</robot>
