<?xml version="1.0" encoding="UTF-8"?>
<robot generator="Robot 3.2.2 (Python 3.8.0 on win32)" generated="20210217 21:05:15.119" rpa="false">
<suite id="s1" name="StepsConsultHero" source="C:\dev\codigos\Estudos e testes\Robot Framework\resources\StepsConsultHero.robot">
<test id="s1-t1" name="Consultar a ficha de um super-herói (/id)">
<kw name="Create Session" library="RequestsLibrary">
<doc>Create Session: create a HTTP session to a server</doc>
<arguments>
<arg>consultaHeroi</arg>
<arg>${URL}</arg>
<arg>disable_warnings=True</arg>
</arguments>
<msg timestamp="20210217 21:05:15.365" level="INFO">Creating Session using : alias=consultaHeroi, url=https://superheroapi.com/api/3630587223674860, headers={},                     cookies={}, auth=None, timeout=None, proxies=None, verify=False,                     debug=0 </msg>
<status status="PASS" starttime="20210217 21:05:15.365" endtime="20210217 21:05:15.365"></status>
</kw>
<kw name="Get On Session" library="RequestsLibrary">
<doc>Sends a GET request on a previously created HTTP Session.</doc>
<arguments>
<arg>consultaHeroi</arg>
<arg>/${SEARCHED_HERO.green_arrow}</arg>
</arguments>
<assign>
<var>${RESPONSE}</var>
</assign>
<msg timestamp="20210217 21:05:16.355" level="INFO">GET Request : url=https://superheroapi.com/api/3630587223674860/298 (redirected) 
 path_url=/api/3630587223674860/298 
 headers={'User-Agent': 'python-requests/2.22.0', 'Accept-Encoding': 'gzip, deflate', 'Accept': '*/*', 'Connection': 'keep-alive'} 
 body=None 
 </msg>
<msg timestamp="20210217 21:05:16.356" level="INFO">GET Response : url=https://www.superheroapi.com/api.php/3630587223674860/298 
 status=200, reason=OK 
 headers={'Date': 'Thu, 18 Feb 2021 00:05:21 GMT', 'Content-Type': 'application/json', 'Transfer-Encoding': 'chunked', 'Connection': 'keep-alive', 'Set-Cookie': '__cfduid=debcf5fc4750c2a35d785f8de81d047f21613606720; expires=Sat, 20-Mar-21 00:05:20 GMT; path=/; domain=.superheroapi.com; HttpOnly; SameSite=Lax', 'X-Powered-By': 'PHP/7.2.34', 'Access-Control-Allow-Origin': '*', 'Access-Control-Allow-Credentials': 'false', 'Access-Control-Allow-Methods': 'GET', 'Access-Control-Allow-Headers': 'Origin, X-Requested-With, Content-Type, Accept', 'Access-Control-Max-Age': '86400', 'X-Turbo-Charged-By': 'LiteSpeed', 'CF-Cache-Status': 'DYNAMIC', 'cf-request-id': '08540dad84000051ff88392000000001', 'Expect-CT': 'max-age=604800, report-uri="https://report-uri.cloudflare.com/cdn-cgi/beacon/expect-ct"', 'Report-To': '{"endpoints":[{"url":"https:\\/\\/a.nel.cloudflare.com\\/report?s=8XjoZ6Cf%2BCWEo3jGCNrpO3dn6ite0Ud%2F06Li%2FRtYwSaTCuFT1xm%2FqdFBLoTOfSRgS%2FbyHxTKWPHtaPAzPi86kzbJi2odY6bBIJ8tKxs9SeCUqgcIUON%2BJo3A1TwcZMv6rA%3D%3D"}],"group":"cf-nel","max_age":604800}', 'NEL': '{"report_to":"cf-nel","max_age":604800}', 'Server': 'cloudflare', 'CF-RAY': '62337ef5a90251ff-GRU', 'Content-Encoding': 'gzip'} 
 body={"response":"success","id":"298","name":"Green Arrow","powerstats":{"intelligence":"81","strength":"12","speed":"35","durability":"28","power":"39","combat":"90"},"biography":{"full-name":"Oliver Queen","alter-egos":"No alter egos found.","aliases":["The Emerald Archer","Battling Bowman"],"place-of-birth":"-","first-appearance":"More Fun Comics #73 (November 1941)","publisher":"DC Comics","alignment":"good"},"appearance":{"gender":"Male","race":"Human","height":["6'2","188 cm"],"weight":["195 lb","88 kg"],"eye-color":"Green","hair-color":"Blond"},"work":{"occupation":"Professional Crime-fighter; Multi-Billionaire","base":"Star City, California; Formerly Seattle, Washington"},"connections":{"group-affiliation":"Justice League Reserve, Connor Hawke, Mia Dearden,  Arsenal, Green Arrows of the World, Black Canary, Green Lantern Hal Jordan, Shado, Eddie Fyers, Justice League Elite, Seven Soldiers of Victory, All-Star Squadron","relatives":"Conner Hawke (son); Robert (son); Cissie King (possible daughter); Roy Harper - Red Arrow (adoptive son); Dinah Laurel Lance (wife); Dinah Drake Lance (mother-in-law, deceased); Larry Lance (father-in-law, deceased)"},"image":{"url":"https:\/\/www.superherodb.com\/pictures2\/portraits\/10\/100\/696.jpg"}} 
 </msg>
<msg timestamp="20210217 21:05:16.356" level="INFO">${RESPONSE} = &lt;Response [200]&gt;</msg>
<status status="PASS" starttime="20210217 21:05:15.366" endtime="20210217 21:05:16.356"></status>
</kw>
<kw name="Create Dictionary" library="BuiltIn">
<doc>Creates and returns a dictionary based on the given ``items``.</doc>
<arguments>
<arg>name=${GREEN_ARROW.name}</arg>
<arg>intelligence=${GREEN_ARROW.intelligence}</arg>
<arg>full_name=${GREEN_ARROW.real_name}</arg>
<arg>group_affiliation=${GREEN_ARROW.affiliate}</arg>
</arguments>
<assign>
<var>${HERO_DATA}</var>
</assign>
<msg timestamp="20210217 21:05:16.359" level="INFO">${HERO_DATA} = {'name': 'Green Arrow', 'intelligence': '81', 'full_name': 'Oliver Queen', 'group_affiliation': 'Justice League Elite'}</msg>
<status status="PASS" starttime="20210217 21:05:16.357" endtime="20210217 21:05:16.359"></status>
</kw>
<kw name="Dictionary Should Contain Item" library="Collections">
<doc>An item of ``key`` / ``value`` must be found in a ``dictionary``.</doc>
<arguments>
<arg>${RESPONSE.json()}</arg>
<arg>name</arg>
<arg>${HERO_DATA.name}</arg>
</arguments>
<status status="PASS" starttime="20210217 21:05:16.360" endtime="20210217 21:05:16.361"></status>
</kw>
<kw name="Dictionary Should Contain Item" library="Collections">
<doc>An item of ``key`` / ``value`` must be found in a ``dictionary``.</doc>
<arguments>
<arg>${RESPONSE.json()['powerstats']}</arg>
<arg>intelligence</arg>
<arg>${HERO_DATA.intelligence}</arg>
</arguments>
<status status="PASS" starttime="20210217 21:05:16.362" endtime="20210217 21:05:16.363"></status>
</kw>
<kw name="Dictionary Should Contain Item" library="Collections">
<doc>An item of ``key`` / ``value`` must be found in a ``dictionary``.</doc>
<arguments>
<arg>${RESPONSE.json()['biography']}</arg>
<arg>full-name</arg>
<arg>${HERO_DATA.full_name}</arg>
</arguments>
<status status="PASS" starttime="20210217 21:05:16.364" endtime="20210217 21:05:16.365"></status>
</kw>
<kw name="Dictionary Should Contain Key" library="Collections">
<doc>Fails if ``key`` is not found from ``dictionary``.</doc>
<arguments>
<arg>${RESPONSE.json()['connections']}</arg>
<arg>group-affiliation</arg>
<arg>${HERO_DATA.group_affiliation}</arg>
</arguments>
<status status="PASS" starttime="20210217 21:05:16.368" endtime="20210217 21:05:16.370"></status>
</kw>
<status status="PASS" starttime="20210217 21:05:15.364" endtime="20210217 21:05:16.372" critical="yes"></status>
</test>
<test id="s1-t2" name="Consultar qual o super-herói mais inteligente, rápido e forte (/id/powerstats)">
<kw name="Create Session" library="RequestsLibrary">
<doc>Create Session: create a HTTP session to a server</doc>
<arguments>
<arg>consultaHeroi</arg>
<arg>${URL}</arg>
<arg>disable_warnings=True</arg>
</arguments>
<msg timestamp="20210217 21:05:16.385" level="INFO">Creating Session using : alias=consultaHeroi, url=https://superheroapi.com/api/3630587223674860, headers={},                     cookies={}, auth=None, timeout=None, proxies=None, verify=False,                     debug=0 </msg>
<status status="PASS" starttime="20210217 21:05:16.384" endtime="20210217 21:05:16.385"></status>
</kw>
<kw name="Get On Session" library="RequestsLibrary">
<doc>Sends a GET request on a previously created HTTP Session.</doc>
<arguments>
<arg>consultaHeroi</arg>
<arg>/${SEARCHED_HERO.flash}/powerstats</arg>
</arguments>
<assign>
<var>${FLASH_RESPONSE}</var>
</assign>
<msg timestamp="20210217 21:05:17.349" level="INFO">GET Request : url=https://superheroapi.com/api/3630587223674860/100/powerstats (redirected) 
 path_url=/api/3630587223674860/100/powerstats 
 headers={'User-Agent': 'python-requests/2.22.0', 'Accept-Encoding': 'gzip, deflate', 'Accept': '*/*', 'Connection': 'keep-alive'} 
 body=None 
 </msg>
<msg timestamp="20210217 21:05:17.349" level="INFO">GET Response : url=https://www.superheroapi.com/api.php/3630587223674860/100/powerstats 
 status=200, reason=OK 
 headers={'Date': 'Thu, 18 Feb 2021 00:05:22 GMT', 'Content-Type': 'application/json', 'Transfer-Encoding': 'chunked', 'Connection': 'keep-alive', 'Set-Cookie': '__cfduid=dfda8b8c5d65f604c2a441ba3a6948f3d1613606721; expires=Sat, 20-Mar-21 00:05:21 GMT; path=/; domain=.superheroapi.com; HttpOnly; SameSite=Lax', 'X-Powered-By': 'PHP/7.2.34', 'Access-Control-Allow-Origin': '*', 'Access-Control-Allow-Credentials': 'false', 'Access-Control-Allow-Methods': 'GET', 'Access-Control-Allow-Headers': 'Origin, X-Requested-With, Content-Type, Accept', 'Access-Control-Max-Age': '86400', 'X-Turbo-Charged-By': 'LiteSpeed', 'CF-Cache-Status': 'DYNAMIC', 'cf-request-id': '08540db1620000f1eefa39a000000001', 'Expect-CT': 'max-age=604800, report-uri="https://report-uri.cloudflare.com/cdn-cgi/beacon/expect-ct"', 'Report-To': '{"endpoints":[{"url":"https:\\/\\/a.nel.cloudflare.com\\/report?s=u0RWVPvOFbEwpyW3moGE1z6Km0xb%2FI28IeVOZQ0vGQWlFOrGwasOfqlalsGPUpxQ16vTI8HWpPF3Qoqzbiz9ZJqIIWAHseNGpWBuAXSpozCQzQJwk%2B11J3lJA%2BSvs5o8Gg%3D%3D"}],"group":"cf-nel","max_age":604800}', 'NEL': '{"report_to":"cf-nel","max_age":604800}', 'Server': 'cloudflare', 'CF-RAY': '62337efbdabef1ee-GRU', 'Content-Encoding': 'gzip'} 
 body={"response":"success","id":"100","name":"Black Flash","intelligence":"44","strength":"10","speed":"100","durability":"80","power":"100","combat":"30"} 
 </msg>
<msg timestamp="20210217 21:05:17.351" level="INFO">${FLASH_RESPONSE} = &lt;Response [200]&gt;</msg>
<status status="PASS" starttime="20210217 21:05:16.386" endtime="20210217 21:05:17.351"></status>
</kw>
<kw name="Get On Session" library="RequestsLibrary">
<doc>Sends a GET request on a previously created HTTP Session.</doc>
<arguments>
<arg>consultaHeroi</arg>
<arg>/${SEARCHED_HERO.ant_man}/powerstats</arg>
</arguments>
<assign>
<var>${ANTMAN_RESPONSE}</var>
</assign>
<msg timestamp="20210217 21:05:17.850" level="INFO">GET Request : url=https://superheroapi.com/api/3630587223674860/30/powerstats (redirected) 
 path_url=/api/3630587223674860/30/powerstats 
 headers={'User-Agent': 'python-requests/2.22.0', 'Accept-Encoding': 'gzip, deflate', 'Accept': '*/*', 'Connection': 'keep-alive', 'Cookie': '__cfduid=dfda8b8c5d65f604c2a441ba3a6948f3d1613606721'} 
 body=None 
 </msg>
<msg timestamp="20210217 21:05:17.851" level="INFO">GET Response : url=https://www.superheroapi.com/api.php/3630587223674860/30/powerstats 
 status=200, reason=OK 
 headers={'Date': 'Thu, 18 Feb 2021 00:05:22 GMT', 'Content-Type': 'application/json', 'Transfer-Encoding': 'chunked', 'Connection': 'keep-alive', 'X-Powered-By': 'PHP/7.2.34', 'Access-Control-Allow-Origin': '*', 'Access-Control-Allow-Credentials': 'false', 'Access-Control-Allow-Methods': 'GET', 'Access-Control-Allow-Headers': 'Origin, X-Requested-With, Content-Type, Accept', 'Access-Control-Max-Age': '86400', 'X-Turbo-Charged-By': 'LiteSpeed', 'CF-Cache-Status': 'DYNAMIC', 'cf-request-id': '08540db3520000f1ee5b985000000001', 'Expect-CT': 'max-age=604800, report-uri="https://report-uri.cloudflare.com/cdn-cgi/beacon/expect-ct"', 'Report-To': '{"endpoints":[{"url":"https:\\/\\/a.nel.cloudflare.com\\/report?s=IfUCPOzddjxzMumdMmdOJ25Snkn3JaC8iHToo8G%2FRzOyV50zZSLgM35gY%2BQOavaqNmCgoLB%2BB66RcWLZ16y7T0g0JZlTpszV6hOq8BKwN1Wpo9DZ2UUHR6GhHioChFJBgg%3D%3D"}],"group":"cf-nel","max_age":604800}', 'NEL': '{"report_to":"cf-nel","max_age":604800}', 'Server': 'cloudflare', 'CF-RAY': '62337efee9bef1ee-GRU', 'Content-Encoding': 'gzip'} 
 body={"response":"success","id":"30","name":"Ant-Man","intelligence":"100","strength":"18","speed":"23","durability":"28","power":"32","combat":"32"} 
 </msg>
<msg timestamp="20210217 21:05:17.851" level="INFO">${ANTMAN_RESPONSE} = &lt;Response [200]&gt;</msg>
<status status="PASS" starttime="20210217 21:05:17.352" endtime="20210217 21:05:17.851"></status>
</kw>
<kw name="Return The Biggest">
<arguments>
<arg>${FLASH_RESPONSE.json()['intelligence']}</arg>
<arg>${ANTMAN_RESPONSE.json()['intelligence']}</arg>
</arguments>
<kw name="Run Keyword If" library="BuiltIn">
<doc>Runs the given keyword with the given arguments, if ``condition`` is true.</doc>
<arguments>
<arg>${value_1} &gt; ${value_2}</arg>
<arg>Flash</arg>
<arg>ELSE</arg>
<arg>Ant Man</arg>
</arguments>
<kw name="Ant Man">
<kw name="Set Test Variable" library="BuiltIn">
<doc>Makes a variable available everywhere within the scope of the current test.</doc>
<arguments>
<arg>${COMPARE_NAMES.ant_man}</arg>
</arguments>
<msg timestamp="20210217 21:05:17.860" level="INFO">${COMPARE_NAMES.ant_man} = Ant-Man</msg>
<status status="PASS" starttime="20210217 21:05:17.859" endtime="20210217 21:05:17.861"></status>
</kw>
<status status="PASS" starttime="20210217 21:05:17.857" endtime="20210217 21:05:17.861"></status>
</kw>
<status status="PASS" starttime="20210217 21:05:17.857" endtime="20210217 21:05:17.861"></status>
</kw>
<status status="PASS" starttime="20210217 21:05:17.856" endtime="20210217 21:05:17.861"></status>
</kw>
<kw name="Return The Biggest">
<arguments>
<arg>${FLASH_RESPONSE.json()['speed']}</arg>
<arg>${ANTMAN_RESPONSE.json()['speed']}</arg>
</arguments>
<kw name="Run Keyword If" library="BuiltIn">
<doc>Runs the given keyword with the given arguments, if ``condition`` is true.</doc>
<arguments>
<arg>${value_1} &gt; ${value_2}</arg>
<arg>Flash</arg>
<arg>ELSE</arg>
<arg>Ant Man</arg>
</arguments>
<kw name="Flash">
<kw name="Set Test Variable" library="BuiltIn">
<doc>Makes a variable available everywhere within the scope of the current test.</doc>
<arguments>
<arg>${COMPARE_NAMES.flash}</arg>
</arguments>
<msg timestamp="20210217 21:05:17.866" level="INFO">${COMPARE_NAMES.flash} = Flash</msg>
<status status="PASS" starttime="20210217 21:05:17.865" endtime="20210217 21:05:17.866"></status>
</kw>
<status status="PASS" starttime="20210217 21:05:17.864" endtime="20210217 21:05:17.867"></status>
</kw>
<status status="PASS" starttime="20210217 21:05:17.863" endtime="20210217 21:05:17.867"></status>
</kw>
<status status="PASS" starttime="20210217 21:05:17.862" endtime="20210217 21:05:17.867"></status>
</kw>
<kw name="Return The Biggest">
<arguments>
<arg>${FLASH_RESPONSE.json()['strength']}</arg>
<arg>${ANTMAN_RESPONSE.json()['strength']}</arg>
</arguments>
<kw name="Run Keyword If" library="BuiltIn">
<doc>Runs the given keyword with the given arguments, if ``condition`` is true.</doc>
<arguments>
<arg>${value_1} &gt; ${value_2}</arg>
<arg>Flash</arg>
<arg>ELSE</arg>
<arg>Ant Man</arg>
</arguments>
<kw name="Ant Man">
<kw name="Set Test Variable" library="BuiltIn">
<doc>Makes a variable available everywhere within the scope of the current test.</doc>
<arguments>
<arg>${COMPARE_NAMES.ant_man}</arg>
</arguments>
<msg timestamp="20210217 21:05:17.873" level="INFO">${COMPARE_NAMES.ant_man} = Ant-Man</msg>
<status status="PASS" starttime="20210217 21:05:17.873" endtime="20210217 21:05:17.873"></status>
</kw>
<status status="PASS" starttime="20210217 21:05:17.872" endtime="20210217 21:05:17.874"></status>
</kw>
<status status="PASS" starttime="20210217 21:05:17.871" endtime="20210217 21:05:17.874"></status>
</kw>
<status status="PASS" starttime="20210217 21:05:17.869" endtime="20210217 21:05:17.874"></status>
</kw>
<status status="PASS" starttime="20210217 21:05:16.375" endtime="20210217 21:05:17.874" critical="yes"></status>
</test>
<status status="PASS" starttime="20210217 21:05:15.121" endtime="20210217 21:05:17.877"></status>
</suite>
<statistics>
<total>
<stat pass="2" fail="0">Critical Tests</stat>
<stat pass="2" fail="0">All Tests</stat>
</total>
<tag>
</tag>
<suite>
<stat pass="2" fail="0" id="s1" name="StepsConsultHero">StepsConsultHero</stat>
</suite>
</statistics>
<errors>
</errors>
</robot>
